##Error: fsockopen(): Unable to connect to localhost:8080 (No se puede establecer una conexión ya que el equipo de destino denegó expresamente dicha conexión)
trace: 

#0 C:\xampp\htdocs\micro-framework\core\HandlerErrors.php(20): handleCliError(2, 'fsockopen(): Un...', 'C:\\xampp\\htdocs...', 116)
#1 C:\xampp\htdocs\micro-framework\core\HandlerErrors.php(8): handlerErrors(2, 'fsockopen(): Un...', 'C:\\xampp\\htdocs...', 116)
#2 [internal function]: {closure}(2, 'fsockopen(): Un...', 'C:\\xampp\\htdocs...', 116)
#3 C:\xampp\htdocs\micro-framework\core\libraries\Console\Commands\Server\Serve.php(116): fsockopen('localhost', 8080)
#4 C:\xampp\htdocs\micro-framework\core\libraries\Console\Commands\Server\Serve.php(101): Console\Commands\Server\Serve->checkPort('localhost', 8080)
#5 C:\xampp\htdocs\micro-framework\core\libraries\Console\Commands\Server\Serve.php(84): Console\Commands\Server\Serve->findAvailablePort('localhost', 8080)
#6 C:\xampp\htdocs\micro-framework\core\libraries\Console\Commands.php(63): Console\Commands\Server\Serve->run(Array)
#7 C:\xampp\htdocs\micro-framework\core\libraries\Console\ConsoleApplication.php(78): Console\Commands->run('serve', Array)
#8 C:\xampp\htdocs\micro-framework\axm(21): Console\ConsoleApplication->run()
#9 {main}
Date: 27-02-2024 17:53:47    Axm Framework version: 1    PHP version: 8.2.4
••••••••••••••••••••••••••••••••••••••••••••••••••••••••••••••••••••••••••••••••••••••••••••••••••••••••••••••••••••••••••••••••••••••••••••••••••••••


##Error: stream_socket_client(): Unable to connect to localhost:8080 (No se puede establecer una conexión ya que el equipo de destino denegó expresamente dicha conexión)
trace: 

#0 C:\xampp\htdocs\micro-framework\core\HandlerErrors.php(20): handleCliError(2, 'stream_socket_c...', 'C:\\xampp\\htdocs...', 116)
#1 C:\xampp\htdocs\micro-framework\core\HandlerErrors.php(8): handlerErrors(2, 'stream_socket_c...', 'C:\\xampp\\htdocs...', 116)
#2 [internal function]: {closure}(2, 'stream_socket_c...', 'C:\\xampp\\htdocs...', 116)
#3 C:\xampp\htdocs\micro-framework\core\libraries\Console\Commands\Server\Serve.php(116): stream_socket_client('localhost:8080')
#4 C:\xampp\htdocs\micro-framework\core\libraries\Console\Commands\Server\Serve.php(101): Console\Commands\Server\Serve->checkPort('localhost', 8080)
#5 C:\xampp\htdocs\micro-framework\core\libraries\Console\Commands\Server\Serve.php(84): Console\Commands\Server\Serve->findAvailablePort('localhost', 8080)
#6 C:\xampp\htdocs\micro-framework\core\libraries\Console\Commands.php(63): Console\Commands\Server\Serve->run(Array)
#7 C:\xampp\htdocs\micro-framework\core\libraries\Console\ConsoleApplication.php(78): Console\Commands->run('serve', Array)
#8 C:\xampp\htdocs\micro-framework\axm(21): Console\ConsoleApplication->run()
#9 {main}
Date: 27-02-2024 18:01:07    Axm Framework version: 1    PHP version: 8.2.4
••••••••••••••••••••••••••••••••••••••••••••••••••••••••••••••••••••••••••••••••••••••••••••••••••••••••••••••••••••••••••••••••••••••••••••••••••••••


##Error: fsockopen(): Unable to connect to localhost:8080 (No se puede establecer una conexión ya que el equipo de destino denegó expresamente dicha conexión)
trace: 

#0 C:\xampp\htdocs\micro-framework\core\HandlerErrors.php(20): handleCliError(2, 'fsockopen(): Un...', 'C:\\xampp\\htdocs...', 116)
#1 C:\xampp\htdocs\micro-framework\core\HandlerErrors.php(8): handlerErrors(2, 'fsockopen(): Un...', 'C:\\xampp\\htdocs...', 116)
#2 [internal function]: {closure}(2, 'fsockopen(): Un...', 'C:\\xampp\\htdocs...', 116)
#3 C:\xampp\htdocs\micro-framework\core\libraries\Console\Commands\Server\Serve.php(116): fsockopen('localhost', 8080)
#4 C:\xampp\htdocs\micro-framework\core\libraries\Console\Commands\Server\Serve.php(101): Console\Commands\Server\Serve->checkPort('localhost', 8080)
#5 C:\xampp\htdocs\micro-framework\core\libraries\Console\Commands\Server\Serve.php(84): Console\Commands\Server\Serve->findAvailablePort('localhost', 8080)
#6 C:\xampp\htdocs\micro-framework\core\libraries\Console\Commands.php(63): Console\Commands\Server\Serve->run(Array)
#7 C:\xampp\htdocs\micro-framework\core\libraries\Console\ConsoleApplication.php(78): Console\Commands->run('serve', Array)
#8 C:\xampp\htdocs\micro-framework\axm(21): Console\ConsoleApplication->run()
#9 {main}
Date: 27-02-2024 18:18:18    Axm Framework version: 1    PHP version: 8.2.4
••••••••••••••••••••••••••••••••••••••••••••••••••••••••••••••••••••••••••••••••••••••••••••••••••••••••••••••••••••••••••••••••••••••••••••••••••••••


##Error: fsockopen(): Unable to connect to localhost:8081 (No se puede establecer una conexión ya que el equipo de destino denegó expresamente dicha conexión)
trace: 

#0 C:\xampp\htdocs\micro-framework\core\HandlerErrors.php(20): handleCliError(2, 'fsockopen(): Un...', 'C:\\xampp\\htdocs...', 116)
#1 C:\xampp\htdocs\micro-framework\core\HandlerErrors.php(8): handlerErrors(2, 'fsockopen(): Un...', 'C:\\xampp\\htdocs...', 116)
#2 [internal function]: {closure}(2, 'fsockopen(): Un...', 'C:\\xampp\\htdocs...', 116)
#3 C:\xampp\htdocs\micro-framework\core\libraries\Console\Commands\Server\Serve.php(116): fsockopen('localhost', 8081)
#4 C:\xampp\htdocs\micro-framework\core\libraries\Console\Commands\Server\Serve.php(101): Console\Commands\Server\Serve->checkPort('localhost', 8081)
#5 C:\xampp\htdocs\micro-framework\core\libraries\Console\Commands\Server\Serve.php(84): Console\Commands\Server\Serve->findAvailablePort('localhost', 8081)
#6 C:\xampp\htdocs\micro-framework\core\libraries\Console\Commands.php(63): Console\Commands\Server\Serve->run(Array)
#7 C:\xampp\htdocs\micro-framework\core\libraries\Console\ConsoleApplication.php(78): Console\Commands->run('serve', Array)
#8 C:\xampp\htdocs\micro-framework\axm(21): Console\ConsoleApplication->run()
#9 {main}
Date: 27-02-2024 19:07:25    Axm Framework version: 1    PHP version: 8.2.4
••••••••••••••••••••••••••••••••••••••••••••••••••••••••••••••••••••••••••••••••••••••••••••••••••••••••••••••••••••••••••••••••••••••••••••••••••••••


##Error: fsockopen(): Unable to connect to localhost:8081 (No se puede establecer una conexión ya que el equipo de destino denegó expresamente dicha conexión)
trace: 

#0 C:\xampp\htdocs\micro-framework\core\HandlerErrors.php(20): handleCliError(2, 'fsockopen(): Un...', 'C:\\xampp\\htdocs...', 116)
#1 C:\xampp\htdocs\micro-framework\core\HandlerErrors.php(8): handlerErrors(2, 'fsockopen(): Un...', 'C:\\xampp\\htdocs...', 116)
#2 [internal function]: {closure}(2, 'fsockopen(): Un...', 'C:\\xampp\\htdocs...', 116)
#3 C:\xampp\htdocs\micro-framework\core\libraries\Console\Commands\Server\Serve.php(116): fsockopen('localhost', 8081)
#4 C:\xampp\htdocs\micro-framework\core\libraries\Console\Commands\Server\Serve.php(101): Console\Commands\Server\Serve->checkPort('localhost', 8081)
#5 C:\xampp\htdocs\micro-framework\core\libraries\Console\Commands\Server\Serve.php(84): Console\Commands\Server\Serve->findAvailablePort('localhost', 8081)
#6 C:\xampp\htdocs\micro-framework\core\libraries\Console\Commands.php(63): Console\Commands\Server\Serve->run(Array)
#7 C:\xampp\htdocs\micro-framework\core\libraries\Console\ConsoleApplication.php(78): Console\Commands->run('serve', Array)
#8 C:\xampp\htdocs\micro-framework\axm(21): Console\ConsoleApplication->run()
#9 {main}
Date: 27-02-2024 19:10:50    Axm Framework version: 1    PHP version: 8.2.4
••••••••••••••••••••••••••••••••••••••••••••••••••••••••••••••••••••••••••••••••••••••••••••••••••••••••••••••••••••••••••••••••••••••••••••••••••••••


##Error:  "/ddd" path does not exist.
trace: 

#0 C:\xampp\htdocs\micro-framework\core\libraries\Http\Router.php(275): Http\Router->notRouteRegistered()
#1 C:\xampp\htdocs\micro-framework\core\App.php(286): Http\Router->dispatch()
#2 C:\xampp\htdocs\micro-framework\public\index.php(28): App->run()
#3 C:\xampp\htdocs\micro-framework\index.php(12): require_once('C:\\xampp\\htdocs...')
#4 {main}
Date: 27-02-2024 19:16:28    Axm Framework version: 1    PHP version: 8.2.4
••••••••••••••••••••••••••••••••••••••••••••••••••••••••••••••••••••••••••••••••••••••••••••••••••••••••••••••••••••••••••••••••••••••••••••••••••••••


##Error:  "/ddd" path does not exist.
trace: 

#0 C:\xampp\htdocs\micro-framework\core\libraries\Http\Router.php(275): Http\Router->notRouteRegistered()
#1 C:\xampp\htdocs\micro-framework\core\App.php(286): Http\Router->dispatch()
#2 C:\xampp\htdocs\micro-framework\public\index.php(28): App->run()
#3 C:\xampp\htdocs\micro-framework\index.php(12): require_once('C:\\xampp\\htdocs...')
#4 {main}
Date: 27-02-2024 19:16:37    Axm Framework version: 1    PHP version: 8.2.4
••••••••••••••••••••••••••••••••••••••••••••••••••••••••••••••••••••••••••••••••••••••••••••••••••••••••••••••••••••••••••••••••••••••••••••••••••••••


##Error: fsockopen(): Unable to connect to localhost:8080 (No se puede establecer una conexión ya que el equipo de destino denegó expresamente dicha conexión)
trace: 

#0 C:\xampp\htdocs\micro-framework\core\HandlerErrors.php(20): handleCliError(2, 'fsockopen(): Un...', 'C:\\xampp\\htdocs...', 116)
#1 C:\xampp\htdocs\micro-framework\core\HandlerErrors.php(8): handlerErrors(2, 'fsockopen(): Un...', 'C:\\xampp\\htdocs...', 116)
#2 [internal function]: {closure}(2, 'fsockopen(): Un...', 'C:\\xampp\\htdocs...', 116)
#3 C:\xampp\htdocs\micro-framework\core\libraries\Console\Commands\Server\Serve.php(116): fsockopen('localhost', 8080)
#4 C:\xampp\htdocs\micro-framework\core\libraries\Console\Commands\Server\Serve.php(101): Console\Commands\Server\Serve->checkPort('localhost', 8080)
#5 C:\xampp\htdocs\micro-framework\core\libraries\Console\Commands\Server\Serve.php(84): Console\Commands\Server\Serve->findAvailablePort('localhost', 8080)
#6 C:\xampp\htdocs\micro-framework\core\libraries\Console\Commands.php(63): Console\Commands\Server\Serve->run(Array)
#7 C:\xampp\htdocs\micro-framework\core\libraries\Console\ConsoleApplication.php(78): Console\Commands->run('serve', Array)
#8 C:\xampp\htdocs\micro-framework\axm(21): Console\ConsoleApplication->run()
#9 {main}
Date: 27-02-2024 23:01:51    Axm Framework version: 1    PHP version: 8.2.4
••••••••••••••••••••••••••••••••••••••••••••••••••••••••••••••••••••••••••••••••••••••••••••••••••••••••••••••••••••••••••••••••••••••••••••••••••••••


##Error: fsockopen(): Unable to connect to localhost:8080 (No se puede establecer una conexión ya que el equipo de destino denegó expresamente dicha conexión)
trace: 

#0 C:\xampp\htdocs\micro-framework\core\HandlerErrors.php(20): handleCliError(2, 'fsockopen(): Un...', 'C:\\xampp\\htdocs...', 121)
#1 C:\xampp\htdocs\micro-framework\core\HandlerErrors.php(8): handlerErrors(2, 'fsockopen(): Un...', 'C:\\xampp\\htdocs...', 121)
#2 [internal function]: {closure}(2, 'fsockopen(): Un...', 'C:\\xampp\\htdocs...', 121)
#3 C:\xampp\htdocs\micro-framework\core\libraries\Console\Commands\Server\Serve.php(121): fsockopen('localhost', 8080)
#4 C:\xampp\htdocs\micro-framework\core\libraries\Console\Commands\Server\Serve.php(106): Console\Commands\Server\Serve->checkPort('localhost', 8080)
#5 C:\xampp\htdocs\micro-framework\core\libraries\Console\Commands\Server\Serve.php(89): Console\Commands\Server\Serve->findAvailablePort('localhost', 8080)
#6 C:\xampp\htdocs\micro-framework\core\libraries\Console\Commands.php(63): Console\Commands\Server\Serve->run(Array)
#7 C:\xampp\htdocs\micro-framework\core\libraries\Console\ConsoleApplication.php(78): Console\Commands->run('serve', Array)
#8 C:\xampp\htdocs\micro-framework\axm(21): Console\ConsoleApplication->run()
#9 {main}
Date: 27-02-2024 23:13:08    Axm Framework version: 1    PHP version: 8.2.4
••••••••••••••••••••••••••••••••••••••••••••••••••••••••••••••••••••••••••••••••••••••••••••••••••••••••••••••••••••••••••••••••••••••••••••••••••••••


##Error: proc_open(): Argument #3 ($pipes) cannot be passed by reference
trace: 

#0 C:\xampp\htdocs\micro-framework\core\libraries\Console\Commands.php(63): Console\Commands\Server\Serve->run(Array)
#1 C:\xampp\htdocs\micro-framework\core\libraries\Console\ConsoleApplication.php(78): Console\Commands->run('serve', Array)
#2 C:\xampp\htdocs\micro-framework\axm(21): Console\ConsoleApplication->run()
#3 {main}
Date: 27-02-2024 23:26:08    Axm Framework version: 1    PHP version: 8.2.4
••••••••••••••••••••••••••••••••••••••••••••••••••••••••••••••••••••••••••••••••••••••••••••••••••••••••••••••••••••••••••••••••••••••••••••••••••••••


##Error: Call to undefined function Console\Commands\Server\pcntl_signal()
trace: 

#0 C:\xampp\htdocs\micro-framework\core\libraries\Console\Commands.php(63): Console\Commands\Server\Serve->run(Array)
#1 C:\xampp\htdocs\micro-framework\core\libraries\Console\ConsoleApplication.php(78): Console\Commands->run('serve', Array)
#2 C:\xampp\htdocs\micro-framework\axm(21): Console\ConsoleApplication->run()
#3 {main}
Date: 27-02-2024 23:30:10    Axm Framework version: 1    PHP version: 8.2.4
••••••••••••••••••••••••••••••••••••••••••••••••••••••••••••••••••••••••••••••••••••••••••••••••••••••••••••••••••••••••••••••••••••••••••••••••••••••


##Error: Typed property Console\Commands\Server\Serve::$documentRoot must not be accessed before initialization
trace: 

#0 C:\xampp\htdocs\micro-framework\core\libraries\Console\Commands\Server\Serve.php(270): Console\Commands\Server\Serve->validateDocumentRoot()
#1 C:\xampp\htdocs\micro-framework\core\libraries\Console\Commands.php(63): Console\Commands\Server\Serve->run(Array)
#2 C:\xampp\htdocs\micro-framework\core\libraries\Console\ConsoleApplication.php(78): Console\Commands->run('serve', Array)
#3 C:\xampp\htdocs\micro-framework\axm(21): Console\ConsoleApplication->run()
#4 {main}
Date: 27-02-2024 23:48:58    Axm Framework version: 1    PHP version: 8.2.4
••••••••••••••••••••••••••••••••••••••••••••••••••••••••••••••••••••••••••••••••••••••••••••••••••••••••••••••••••••••••••••••••••••••••••••••••••••••


##Error: Call to undefined function Console\Commands\Server\pcntl_signal()
trace: 

#0 C:\xampp\htdocs\micro-framework\core\libraries\Console\Commands\Server\Serve.php(286): Console\Commands\Server\Serve->monitorServerProcess(Resource id #463)
#1 C:\xampp\htdocs\micro-framework\core\libraries\Console\Commands.php(63): Console\Commands\Server\Serve->run(Array)
#2 C:\xampp\htdocs\micro-framework\core\libraries\Console\ConsoleApplication.php(78): Console\Commands->run('serve', Array)
#3 C:\xampp\htdocs\micro-framework\axm(21): Console\ConsoleApplication->run()
#4 {main}
Date: 27-02-2024 23:50:28    Axm Framework version: 1    PHP version: 8.2.4
••••••••••••••••••••••••••••••••••••••••••••••••••••••••••••••••••••••••••••••••••••••••••••••••••••••••••••••••••••••••••••••••••••••••••••••••••••••


##Error: Call to undefined function Console\Commands\Server\pcntl_signal()
trace: 

#0 C:\xampp\htdocs\micro-framework\core\libraries\Console\Commands\Server\Serve.php(286): Console\Commands\Server\Serve->monitorServerProcess(Resource id #463)
#1 C:\xampp\htdocs\micro-framework\core\libraries\Console\Commands.php(63): Console\Commands\Server\Serve->run(Array)
#2 C:\xampp\htdocs\micro-framework\core\libraries\Console\ConsoleApplication.php(78): Console\Commands->run('serve', Array)
#3 C:\xampp\htdocs\micro-framework\axm(21): Console\ConsoleApplication->run()
#4 {main}
Date: 27-02-2024 23:53:00    Axm Framework version: 1    PHP version: 8.2.4
••••••••••••••••••••••••••••••••••••••••••••••••••••••••••••••••••••••••••••••••••••••••••••••••••••••••••••••••••••••••••••••••••••••••••••••••••••••


##Error: Typed property Console\Commands\Server\Serve::$documentRoot must not be accessed before initialization
trace: 

#0 C:\xampp\htdocs\micro-framework\core\libraries\Console\Commands\Server\Serve.php(263): Console\Commands\Server\Serve->validateOptions()
#1 C:\xampp\htdocs\micro-framework\core\libraries\Console\Commands.php(63): Console\Commands\Server\Serve->run(Array)
#2 C:\xampp\htdocs\micro-framework\core\libraries\Console\ConsoleApplication.php(78): Console\Commands->run('serve', Array)
#3 C:\xampp\htdocs\micro-framework\axm(21): Console\ConsoleApplication->run()
#4 {main}
Date: 27-02-2024 23:55:19    Axm Framework version: 1    PHP version: 8.2.4
••••••••••••••••••••••••••••••••••••••••••••••••••••••••••••••••••••••••••••••••••••••••••••••••••••••••••••••••••••••••••••••••••••••••••••••••••••••


##Error: Typed property Console\Commands\Server\Serve::$phpBinary must not be accessed before initialization
trace: 

#0 C:\xampp\htdocs\micro-framework\core\libraries\Console\Commands.php(63): Console\Commands\Server\Serve->run(Array)
#1 C:\xampp\htdocs\micro-framework\core\libraries\Console\ConsoleApplication.php(78): Console\Commands->run('serve', Array)
#2 C:\xampp\htdocs\micro-framework\axm(21): Console\ConsoleApplication->run()
#3 {main}
Date: 27-02-2024 23:56:58    Axm Framework version: 1    PHP version: 8.2.4
••••••••••••••••••••••••••••••••••••••••••••••••••••••••••••••••••••••••••••••••••••••••••••••••••••••••••••••••••••••••••••••••••••••••••••••••••••••


##Error: fsockopen(): Unable to connect to localhost:8080 (No se puede establecer una conexión ya que el equipo de destino denegó expresamente dicha conexión)
trace: 

#0 C:\xampp\htdocs\micro-framework\core\HandlerErrors.php(20): handleCliError(2, 'fsockopen(): Un...', 'C:\\xampp\\htdocs...', 121)
#1 C:\xampp\htdocs\micro-framework\core\HandlerErrors.php(8): handlerErrors(2, 'fsockopen(): Un...', 'C:\\xampp\\htdocs...', 121)
#2 [internal function]: {closure}(2, 'fsockopen(): Un...', 'C:\\xampp\\htdocs...', 121)
#3 C:\xampp\htdocs\micro-framework\core\libraries\Console\Commands\Server\Serve.php(121): fsockopen('localhost', 8080)
#4 C:\xampp\htdocs\micro-framework\core\libraries\Console\Commands\Server\Serve.php(106): Console\Commands\Server\Serve->checkPort('localhost', 8080)
#5 C:\xampp\htdocs\micro-framework\core\libraries\Console\Commands\Server\Serve.php(89): Console\Commands\Server\Serve->findAvailablePort('localhost', 8080)
#6 C:\xampp\htdocs\micro-framework\core\libraries\Console\Commands.php(63): Console\Commands\Server\Serve->run(Array)
#7 C:\xampp\htdocs\micro-framework\core\libraries\Console\ConsoleApplication.php(78): Console\Commands->run('serve', Array)
#8 C:\xampp\htdocs\micro-framework\axm(21): Console\ConsoleApplication->run()
#9 {main}
Date: 28-02-2024 00:06:47    Axm Framework version: 1    PHP version: 8.2.4
••••••••••••••••••••••••••••••••••••••••••••••••••••••••••••••••••••••••••••••••••••••••••••••••••••••••••••••••••••••••••••••••••••••••••••••••••••••


##Error: fsockopen(): Unable to connect to localhost:8080 (No se puede establecer una conexión ya que el equipo de destino denegó expresamente dicha conexión)
trace: 

#0 C:\xampp\htdocs\micro-framework\core\HandlerErrors.php(20): handleCliError(2, 'fsockopen(): Un...', 'C:\\xampp\\htdocs...', 121)
#1 C:\xampp\htdocs\micro-framework\core\HandlerErrors.php(8): handlerErrors(2, 'fsockopen(): Un...', 'C:\\xampp\\htdocs...', 121)
#2 [internal function]: {closure}(2, 'fsockopen(): Un...', 'C:\\xampp\\htdocs...', 121)
#3 C:\xampp\htdocs\micro-framework\core\libraries\Console\Commands\Server\Serve.php(121): fsockopen('localhost', 8080)
#4 C:\xampp\htdocs\micro-framework\core\libraries\Console\Commands\Server\Serve.php(106): Console\Commands\Server\Serve->checkPort('localhost', 8080)
#5 C:\xampp\htdocs\micro-framework\core\libraries\Console\Commands\Server\Serve.php(89): Console\Commands\Server\Serve->findAvailablePort('localhost', 8080)
#6 C:\xampp\htdocs\micro-framework\core\libraries\Console\Commands.php(63): Console\Commands\Server\Serve->run(Array)
#7 C:\xampp\htdocs\micro-framework\core\libraries\Console\ConsoleApplication.php(78): Console\Commands->run('serve', Array)
#8 C:\xampp\htdocs\micro-framework\axm(21): Console\ConsoleApplication->run()
#9 {main}
Date: 28-02-2024 00:07:40    Axm Framework version: 1    PHP version: 8.2.4
••••••••••••••••••••••••••••••••••••••••••••••••••••••••••••••••••••••••••••••••••••••••••••••••••••••••••••••••••••••••••••••••••••••••••••••••••••••


##Error: Class "Axm\Debug" not found
trace: 

#0 C:\xampp\htdocs\micro-framework\core\App.php(44): App->bootServices()
#1 C:\xampp\htdocs\micro-framework\core\functions.php(33): App->__construct()
#2 C:\xampp\htdocs\micro-framework\public\index.php(19): app()
#3 C:\xampp\htdocs\micro-framework\index.php(12): require_once('C:\\xampp\\htdocs...')
#4 {main}
Date: 28-02-2024 00:33:19    Axm Framework version: 1    PHP version: 8.2.4
••••••••••••••••••••••••••••••••••••••••••••••••••••••••••••••••••••••••••••••••••••••••••••••••••••••••••••••••••••••••••••••••••••••••••••••••••••••


##Error: Class "Axm\Debug" not found
trace: 

#0 C:\xampp\htdocs\micro-framework\core\App.php(44): App->bootServices()
#1 C:\xampp\htdocs\micro-framework\core\functions.php(33): App->__construct()
#2 C:\xampp\htdocs\micro-framework\public\index.php(19): app()
#3 C:\xampp\htdocs\micro-framework\index.php(12): require_once('C:\\xampp\\htdocs...')
#4 {main}
Date: 28-02-2024 00:33:22    Axm Framework version: 1    PHP version: 8.2.4
••••••••••••••••••••••••••••••••••••••••••••••••••••••••••••••••••••••••••••••••••••••••••••••••••••••••••••••••••••••••••••••••••••••••••••••••••••••


##Error: Class "Model\User" not found
trace: 

#0 C:\xampp\htdocs\micro-framework\core\App.php(44): App->bootServices()
#1 C:\xampp\htdocs\micro-framework\core\functions.php(33): App->__construct()
#2 C:\xampp\htdocs\micro-framework\public\index.php(19): app()
#3 C:\xampp\htdocs\micro-framework\index.php(12): require_once('C:\\xampp\\htdocs...')
#4 {main}
Date: 28-02-2024 00:34:19    Axm Framework version: 1    PHP version: 8.2.4
••••••••••••••••••••••••••••••••••••••••••••••••••••••••••••••••••••••••••••••••••••••••••••••••••••••••••••••••••••••••••••••••••••••••••••••••••••••


##Error: Class "Model\Model\User" not found
trace: 

#0 C:\xampp\htdocs\micro-framework\core\App.php(44): App->bootServices()
#1 C:\xampp\htdocs\micro-framework\core\functions.php(33): App->__construct()
#2 C:\xampp\htdocs\micro-framework\public\index.php(19): app()
#3 C:\xampp\htdocs\micro-framework\index.php(12): require_once('C:\\xampp\\htdocs...')
#4 {main}
Date: 28-02-2024 00:34:40    Axm Framework version: 1    PHP version: 8.2.4
••••••••••••••••••••••••••••••••••••••••••••••••••••••••••••••••••••••••••••••••••••••••••••••••••••••••••••••••••••••••••••••••••••••••••••••••••••••


##Error: Class "Model\Model\User" not found
trace: 

#0 C:\xampp\htdocs\micro-framework\core\App.php(44): App->bootServices()
#1 C:\xampp\htdocs\micro-framework\core\functions.php(33): App->__construct()
#2 C:\xampp\htdocs\micro-framework\public\index.php(19): app()
#3 C:\xampp\htdocs\micro-framework\index.php(12): require_once('C:\\xampp\\htdocs...')
#4 {main}
Date: 28-02-2024 00:35:53    Axm Framework version: 1    PHP version: 8.2.4
••••••••••••••••••••••••••••••••••••••••••••••••••••••••••••••••••••••••••••••••••••••••••••••••••••••••••••••••••••••••••••••••••••••••••••••••••••••


##Error: Class "Model\Model\User" not found
trace: 

#0 C:\xampp\htdocs\micro-framework\core\App.php(44): App->bootServices()
#1 C:\xampp\htdocs\micro-framework\core\functions.php(33): App->__construct()
#2 C:\xampp\htdocs\micro-framework\public\index.php(19): app()
#3 C:\xampp\htdocs\micro-framework\index.php(12): require_once('C:\\xampp\\htdocs...')
#4 {main}
Date: 28-02-2024 00:35:56    Axm Framework version: 1    PHP version: 8.2.4
••••••••••••••••••••••••••••••••••••••••••••••••••••••••••••••••••••••••••••••••••••••••••••••••••••••••••••••••••••••••••••••••••••••••••••••••••••••


##Error: Class "App\Model\User" not found
trace: 

#0 C:\xampp\htdocs\micro-framework\core\App.php(44): App->bootServices()
#1 C:\xampp\htdocs\micro-framework\core\functions.php(33): App->__construct()
#2 C:\xampp\htdocs\micro-framework\public\index.php(19): app()
#3 C:\xampp\htdocs\micro-framework\index.php(12): require_once('C:\\xampp\\htdocs...')
#4 {main}
Date: 28-02-2024 00:37:00    Axm Framework version: 1    PHP version: 8.2.4
••••••••••••••••••••••••••••••••••••••••••••••••••••••••••••••••••••••••••••••••••••••••••••••••••••••••••••••••••••••••••••••••••••••••••••••••••••••


##Error: Access to undeclared static property App\Models\User::$method
trace: 

#0 C:\xampp\htdocs\micro-framework\core\App.php(44): App->bootServices()
#1 C:\xampp\htdocs\micro-framework\core\functions.php(33): App->__construct()
#2 C:\xampp\htdocs\micro-framework\public\index.php(19): app()
#3 C:\xampp\htdocs\micro-framework\index.php(12): require_once('C:\\xampp\\htdocs...')
#4 {main}
Date: 28-02-2024 00:37:31    Axm Framework version: 1    PHP version: 8.2.4
••••••••••••••••••••••••••••••••••••••••••••••••••••••••••••••••••••••••••••••••••••••••••••••••••••••••••••••••••••••••••••••••••••••••••••••••••••••


##Error: Class "Whoops\Run" not found
trace: 

#0 C:\xampp\htdocs\aa\axm\core\HandlerErrors.php(23): handleWebError(2, 'require(C:\\xamp...', 'C:\\xampp\\htdocs...', 41)
#1 C:\xampp\htdocs\aa\axm\core\HandlerErrors.php(8): handlerErrors(2, 'require(C:\\xamp...', 'C:\\xampp\\htdocs...', 41)
#2 C:\xampp\htdocs\aa\axm\core\bootstrap.php(41): {closure}(2, 'require(C:\\xamp...', 'C:\\xampp\\htdocs...', 41)
#3 C:\xampp\htdocs\aa\axm\core\bootstrap.php(41): require('C:\\xampp\\htdocs...')
#4 C:\xampp\htdocs\aa\axm\public\index.php(16): require_once('C:\\xampp\\htdocs...')
#5 C:\xampp\htdocs\aa\axm\index.php(12): require_once('C:\\xampp\\htdocs...')
#6 {main}
Date: 29-02-2024 11:44:17    Axm Framework version: 1    PHP version: 8.2.4
••••••••••••••••••••••••••••••••••••••••••••••••••••••••••••••••••••••••••••••••••••••••••••••••••••••••••••••••••••••••••••••••••••••••••••••••••••••


##Error: Class "Whoops\Run" not found
trace: 

#0 C:\xampp\htdocs\aa\axm\core\HandlerErrors.php(23): handleWebError(2, 'require(C:\\xamp...', 'C:\\xampp\\htdocs...', 41)
#1 C:\xampp\htdocs\aa\axm\core\HandlerErrors.php(8): handlerErrors(2, 'require(C:\\xamp...', 'C:\\xampp\\htdocs...', 41)
#2 C:\xampp\htdocs\aa\axm\core\bootstrap.php(41): {closure}(2, 'require(C:\\xamp...', 'C:\\xampp\\htdocs...', 41)
#3 C:\xampp\htdocs\aa\axm\core\bootstrap.php(41): require('C:\\xampp\\htdocs...')
#4 C:\xampp\htdocs\aa\axm\public\index.php(16): require_once('C:\\xampp\\htdocs...')
#5 C:\xampp\htdocs\aa\axm\index.php(12): require_once('C:\\xampp\\htdocs...')
#6 {main}
Date: 29-02-2024 11:44:27    Axm Framework version: 1    PHP version: 8.2.4
••••••••••••••••••••••••••••••••••••••••••••••••••••••••••••••••••••••••••••••••••••••••••••••••••••••••••••••••••••••••••••••••••••••••••••••••••••••


##Error: Class "Whoops\Run" not found
trace: 

#0 C:\xampp\htdocs\aa\axm\core\HandlerErrors.php(23): handleWebError(2, 'require(C:\\xamp...', 'C:\\xampp\\htdocs...', 41)
#1 C:\xampp\htdocs\aa\axm\core\HandlerErrors.php(8): handlerErrors(2, 'require(C:\\xamp...', 'C:\\xampp\\htdocs...', 41)
#2 C:\xampp\htdocs\aa\axm\core\bootstrap.php(41): {closure}(2, 'require(C:\\xamp...', 'C:\\xampp\\htdocs...', 41)
#3 C:\xampp\htdocs\aa\axm\core\bootstrap.php(41): require('C:\\xampp\\htdocs...')
#4 C:\xampp\htdocs\aa\axm\public\index.php(16): require_once('C:\\xampp\\htdocs...')
#5 C:\xampp\htdocs\aa\axm\index.php(12): require_once('C:\\xampp\\htdocs...')
#6 {main}
Date: 29-02-2024 12:43:38    Axm Framework version: 1    PHP version: 8.2.4
••••••••••••••••••••••••••••••••••••••••••••••••••••••••••••••••••••••••••••••••••••••••••••••••••••••••••••••••••••••••••••••••••••••••••••••••••••••


